<?xml version="1.0" encoding="UTF-8"?>
<!-- Generated by org.testng.reporters.JUnitXMLReporter -->
<testsuite ignored="2" hostname="DESKTOP-ESTIBAE" failures="0" tests="1" name="Default test" time="24.921" errors="0" timestamp="2025-09-28T22:41:40 IST">
  <testcase classname="test.Demo" name="TC_003_E2EScenario" time="21.561"/>
  <testcase classname="test.Demo" name="TC_001_VerifyThePageTitle" time="0.0">
    <ignored/>
  </testcase> <!-- TC_001_VerifyThePageTitle -->
  <testcase classname="test.Demo" name="TC_002_VerifyDeliveryLocationUpdate" time="0.0">
    <ignored/>
  </testcase> <!-- TC_002_VerifyDeliveryLocationUpdate -->
</testsuite> <!-- Default test -->
