<?xml version="1.0" encoding="UTF-8"?>
<testng-results ignored="2" total="3" passed="1" failed="0" skipped="0">
  <reporter-output>
  </reporter-output>
  <suite started-at="2025-09-28T22:41:16 IST" name="Default suite" finished-at="2025-09-28T22:41:40 IST" duration-ms="24921">
    <groups>
    </groups>
    <test started-at="2025-09-28T22:41:16 IST" name="Default test" finished-at="2025-09-28T22:41:40 IST" duration-ms="24921">
      <class name="test.Demo">
        <test-method is-config="true" signature="setUp()[pri:0, instance:test.Demo@71d44a3]" started-at="2025-09-28T22:41:16 IST" name="setUp" finished-at="2025-09-28T22:41:19 IST" duration-ms="3066" status="PASS">
          <reporter-output>
          </reporter-output>
        </test-method> <!-- setUp -->
        <test-method signature="TC_003_E2EScenario()[pri:0, instance:test.Demo@71d44a3]" started-at="2025-09-28T22:41:19 IST" name="TC_003_E2EScenario" finished-at="2025-09-28T22:41:40 IST" duration-ms="21561" status="PASS">
          <reporter-output>
          </reporter-output>
        </test-method> <!-- TC_003_E2EScenario -->
        <test-method is-config="true" signature="tearDown()[pri:0, instance:test.Demo@71d44a3]" started-at="2025-09-28T22:41:40 IST" name="tearDown" finished-at="2025-09-28T22:41:40 IST" duration-ms="253" status="PASS">
          <reporter-output>
          </reporter-output>
        </test-method> <!-- tearDown -->
      </class> <!-- test.Demo -->
    </test> <!-- Default test -->
  </suite> <!-- Default suite -->
</testng-results>
